D:\COLLEGE COURSES\COMPUTER GRAPHICS\WORKSPACE\HELLOPEOPLE\DEBUG\HELLOPEOPLE.EXE
D:\COLLEGE COURSES\COMPUTER GRAPHICS\WORKSPACE\HELLOPEOPLE\DEBUG\HELLOPEOPLE.ILK
D:\COLLEGE COURSES\COMPUTER GRAPHICS\WORKSPACE\HELLOPEOPLE\DEBUG\HELLOPEOPLE.PDB
D:\College Courses\Computer Graphics\Workspace\HelloPeople\HelloPeople\Debug\cl.command.1.tlog
D:\College Courses\Computer Graphics\Workspace\HelloPeople\HelloPeople\Debug\CL.read.1.tlog
D:\College Courses\Computer Graphics\Workspace\HelloPeople\HelloPeople\Debug\CL.write.1.tlog
D:\COLLEGE COURSES\COMPUTER GRAPHICS\WORKSPACE\HELLOPEOPLE\HELLOPEOPLE\DEBUG\HELLOPEOPLE.EXE.EMBED.MANIFEST
D:\COLLEGE COURSES\COMPUTER GRAPHICS\WORKSPACE\HELLOPEOPLE\HELLOPEOPLE\DEBUG\HELLOPEOPLE.EXE.EMBED.MANIFEST.RES
D:\COLLEGE COURSES\COMPUTER GRAPHICS\WORKSPACE\HELLOPEOPLE\HELLOPEOPLE\DEBUG\HELLOPEOPLE.EXE.INTERMEDIATE.MANIFEST
D:\College Courses\Computer Graphics\Workspace\HelloPeople\HelloPeople\Debug\HelloPeople_manifest.rc
D:\COLLEGE COURSES\COMPUTER GRAPHICS\WORKSPACE\HELLOPEOPLE\HELLOPEOPLE\DEBUG\HELLOWORLD2.OBJ
D:\COLLEGE COURSES\COMPUTER GRAPHICS\WORKSPACE\HELLOPEOPLE\HELLOPEOPLE\DEBUG\INITSHADER.OBJ
D:\College Courses\Computer Graphics\Workspace\HelloPeople\HelloPeople\Debug\link.2840.read.1.tlog
D:\College Courses\Computer Graphics\Workspace\HelloPeople\HelloPeople\Debug\link.2840.write.1.tlog
D:\College Courses\Computer Graphics\Workspace\HelloPeople\HelloPeople\Debug\link.2840-cvtres.read.1.tlog
D:\College Courses\Computer Graphics\Workspace\HelloPeople\HelloPeople\Debug\link.2840-cvtres.write.1.tlog
D:\College Courses\Computer Graphics\Workspace\HelloPeople\HelloPeople\Debug\link.3568.read.1.tlog
D:\College Courses\Computer Graphics\Workspace\HelloPeople\HelloPeople\Debug\link.3568.write.1.tlog
D:\College Courses\Computer Graphics\Workspace\HelloPeople\HelloPeople\Debug\link.3568-cvtres.read.1.tlog
D:\College Courses\Computer Graphics\Workspace\HelloPeople\HelloPeople\Debug\link.3568-cvtres.write.1.tlog
D:\College Courses\Computer Graphics\Workspace\HelloPeople\HelloPeople\Debug\link.4516.read.1.tlog
D:\College Courses\Computer Graphics\Workspace\HelloPeople\HelloPeople\Debug\link.4516.write.1.tlog
D:\College Courses\Computer Graphics\Workspace\HelloPeople\HelloPeople\Debug\link.4516-cvtres.read.1.tlog
D:\College Courses\Computer Graphics\Workspace\HelloPeople\HelloPeople\Debug\link.4516-cvtres.write.1.tlog
D:\College Courses\Computer Graphics\Workspace\HelloPeople\HelloPeople\Debug\link.4616.read.1.tlog
D:\College Courses\Computer Graphics\Workspace\HelloPeople\HelloPeople\Debug\link.4616.write.1.tlog
D:\College Courses\Computer Graphics\Workspace\HelloPeople\HelloPeople\Debug\link.4616-cvtres.read.1.tlog
D:\College Courses\Computer Graphics\Workspace\HelloPeople\HelloPeople\Debug\link.4616-cvtres.write.1.tlog
D:\College Courses\Computer Graphics\Workspace\HelloPeople\HelloPeople\Debug\link.5180.read.1.tlog
D:\College Courses\Computer Graphics\Workspace\HelloPeople\HelloPeople\Debug\link.5180.write.1.tlog
D:\College Courses\Computer Graphics\Workspace\HelloPeople\HelloPeople\Debug\link.5180-cvtres.read.1.tlog
D:\College Courses\Computer Graphics\Workspace\HelloPeople\HelloPeople\Debug\link.5180-cvtres.write.1.tlog
D:\College Courses\Computer Graphics\Workspace\HelloPeople\HelloPeople\Debug\link.5244.read.1.tlog
D:\College Courses\Computer Graphics\Workspace\HelloPeople\HelloPeople\Debug\link.5244.write.1.tlog
D:\College Courses\Computer Graphics\Workspace\HelloPeople\HelloPeople\Debug\link.5244-cvtres.read.1.tlog
D:\College Courses\Computer Graphics\Workspace\HelloPeople\HelloPeople\Debug\link.5244-cvtres.write.1.tlog
D:\College Courses\Computer Graphics\Workspace\HelloPeople\HelloPeople\Debug\link.5724.read.1.tlog
D:\College Courses\Computer Graphics\Workspace\HelloPeople\HelloPeople\Debug\link.5724.write.1.tlog
D:\College Courses\Computer Graphics\Workspace\HelloPeople\HelloPeople\Debug\link.5724-cvtres.read.1.tlog
D:\College Courses\Computer Graphics\Workspace\HelloPeople\HelloPeople\Debug\link.5724-cvtres.write.1.tlog
D:\College Courses\Computer Graphics\Workspace\HelloPeople\HelloPeople\Debug\link.5884.read.1.tlog
D:\College Courses\Computer Graphics\Workspace\HelloPeople\HelloPeople\Debug\link.5884.write.1.tlog
D:\College Courses\Computer Graphics\Workspace\HelloPeople\HelloPeople\Debug\link.5884-cvtres.read.1.tlog
D:\College Courses\Computer Graphics\Workspace\HelloPeople\HelloPeople\Debug\link.5884-cvtres.write.1.tlog
D:\College Courses\Computer Graphics\Workspace\HelloPeople\HelloPeople\Debug\link.5996.read.1.tlog
D:\College Courses\Computer Graphics\Workspace\HelloPeople\HelloPeople\Debug\link.5996.write.1.tlog
D:\College Courses\Computer Graphics\Workspace\HelloPeople\HelloPeople\Debug\link.5996-cvtres.read.1.tlog
D:\College Courses\Computer Graphics\Workspace\HelloPeople\HelloPeople\Debug\link.5996-cvtres.write.1.tlog
D:\College Courses\Computer Graphics\Workspace\HelloPeople\HelloPeople\Debug\link.6044.read.1.tlog
D:\College Courses\Computer Graphics\Workspace\HelloPeople\HelloPeople\Debug\link.6044.write.1.tlog
D:\College Courses\Computer Graphics\Workspace\HelloPeople\HelloPeople\Debug\link.6044-cvtres.read.1.tlog
D:\College Courses\Computer Graphics\Workspace\HelloPeople\HelloPeople\Debug\link.6044-cvtres.write.1.tlog
D:\College Courses\Computer Graphics\Workspace\HelloPeople\HelloPeople\Debug\link.6060.read.1.tlog
D:\College Courses\Computer Graphics\Workspace\HelloPeople\HelloPeople\Debug\link.6060.write.1.tlog
D:\College Courses\Computer Graphics\Workspace\HelloPeople\HelloPeople\Debug\link.6060-cvtres.read.1.tlog
D:\College Courses\Computer Graphics\Workspace\HelloPeople\HelloPeople\Debug\link.6060-cvtres.write.1.tlog
D:\College Courses\Computer Graphics\Workspace\HelloPeople\HelloPeople\Debug\link.command.1.tlog
D:\College Courses\Computer Graphics\Workspace\HelloPeople\HelloPeople\Debug\link.read.1.tlog
D:\College Courses\Computer Graphics\Workspace\HelloPeople\HelloPeople\Debug\link.write.1.tlog
D:\College Courses\Computer Graphics\Workspace\HelloPeople\HelloPeople\Debug\link-cvtres.read.1.tlog
D:\College Courses\Computer Graphics\Workspace\HelloPeople\HelloPeople\Debug\link-cvtres.write.1.tlog
D:\College Courses\Computer Graphics\Workspace\HelloPeople\HelloPeople\Debug\mt.command.1.tlog
D:\College Courses\Computer Graphics\Workspace\HelloPeople\HelloPeople\Debug\mt.read.1.tlog
D:\College Courses\Computer Graphics\Workspace\HelloPeople\HelloPeople\Debug\mt.write.1.tlog
D:\College Courses\Computer Graphics\Workspace\HelloPeople\HelloPeople\Debug\rc.command.1.tlog
D:\College Courses\Computer Graphics\Workspace\HelloPeople\HelloPeople\Debug\rc.read.1.tlog
D:\College Courses\Computer Graphics\Workspace\HelloPeople\HelloPeople\Debug\rc.write.1.tlog
D:\College Courses\Computer Graphics\Workspace\HelloPeople\HelloPeople\Debug\vc100.idb
D:\COLLEGE COURSES\COMPUTER GRAPHICS\WORKSPACE\HELLOPEOPLE\HELLOPEOPLE\DEBUG\VC100.PDB
